
 Performance counter stats for './mandelbrot_seq -2.5 1.5 -2.0 2.0 16' (20 runs):

              0,95 msec task-clock                       #    0,595 CPUs utilized               ( +-  7,78% )
                 0      context-switches                 #    0,000 /sec                      
                 0      cpu-migrations                   #    0,000 /sec                      
                64      page-faults                      #   67,040 K/sec                       ( +-  0,26% )
         2.533.718      cycles                           #    2,654 GHz                         ( +-  2,57% )
           972.566      stalled-cycles-frontend          #   38,38% frontend cycles idle        ( +-  3,66% )
         1.607.331      instructions                     #    0,63  insn per cycle            
                                                  #    0,61  stalled cycles per insn     ( +-  0,26% )
           311.663      branches                         #  326,465 M/sec                       ( +-  0,26% )
            34.587      branch-misses                    #   11,10% of all branches             ( +-  0,46% )

          0,001606 +- 0,000118 seconds time elapsed  ( +-  7,32% )


 Performance counter stats for './mandelbrot_seq -2.5 1.5 -2.0 2.0 32' (20 runs):

              1,47 msec task-clock                       #    0,680 CPUs utilized               ( +-  4,50% )
                 0      context-switches                 #    0,000 /sec                      
                 0      cpu-migrations                   #    0,000 /sec                      
                72      page-faults                      #   49,110 K/sec                       ( +-  0,25% )
         3.056.510      cycles                           #    2,085 GHz                         ( +-  1,64% )
           949.143      stalled-cycles-frontend          #   31,05% frontend cycles idle        ( +-  2,53% )
         2.512.411      instructions                     #    0,82  insn per cycle            
                                                  #    0,38  stalled cycles per insn     ( +-  0,19% )
           423.946      branches                         #  289,168 M/sec                       ( +-  0,22% )
            36.109      branch-misses                    #    8,52% of all branches             ( +-  0,36% )

         0,0021550 +- 0,0000766 seconds time elapsed  ( +-  3,55% )


 Performance counter stats for './mandelbrot_seq -2.5 1.5 -2.0 2.0 64' (20 runs):

              1,82 msec task-clock                       #    0,730 CPUs utilized               ( +-  9,28% )
                 0      context-switches                 #    0,000 /sec                      
                 0      cpu-migrations                   #    0,000 /sec                      
               102      page-faults                      #   55,912 K/sec                       ( +-  0,19% )
         6.281.018      cycles                           #    3,443 GHz                         ( +-  2,82% )
         1.347.739      stalled-cycles-frontend          #   21,46% frontend cycles idle        ( +-  5,11% )
         6.127.661      instructions                     #    0,98  insn per cycle            
                                                  #    0,22  stalled cycles per insn     ( +-  0,09% )
           879.134      branches                         #  481,900 M/sec                       ( +-  0,15% )
            44.596      branch-misses                    #    5,07% of all branches             ( +-  0,41% )

          0,002499 +- 0,000215 seconds time elapsed  ( +-  8,58% )


 Performance counter stats for './mandelbrot_seq -2.5 1.5 -2.0 2.0 128' (20 runs):

              7,32 msec task-clock                       #    0,913 CPUs utilized               ( +-  8,61% )
                 0      context-switches                 #    0,000 /sec                      
                 0      cpu-migrations                   #    0,000 /sec                      
               221      page-faults                      #   30,209 K/sec                       ( +-  0,08% )
        16.619.447      cycles                           #    2,272 GHz                         ( +-  0,74% )
         2.147.347      stalled-cycles-frontend          #   12,92% frontend cycles idle        ( +-  2,23% )
        20.401.199      instructions                     #    1,23  insn per cycle            
                                                  #    0,11  stalled cycles per insn     ( +-  0,05% )
         2.676.388      branches                         #  365,844 M/sec                       ( +-  0,08% )
            74.306      branch-misses                    #    2,78% of all branches             ( +-  0,50% )

          0,008014 +- 0,000662 seconds time elapsed  ( +-  8,26% )


 Performance counter stats for './mandelbrot_seq -2.5 1.5 -2.0 2.0 256' (20 runs):

             18,93 msec task-clock                       #    0,948 CPUs utilized               ( +-  7,14% )
                 0      context-switches                 #    0,000 /sec                      
                 0      cpu-migrations                   #    0,000 /sec                      
               703      page-faults                      #   37,143 K/sec                       ( +-  0,03% )
        59.353.004      cycles                           #    3,136 GHz                         ( +-  0,40% )
         5.526.877      stalled-cycles-frontend          #    9,31% frontend cycles idle        ( +-  1,39% )
        77.445.447      instructions                     #    1,30  insn per cycle            
                                                  #    0,07  stalled cycles per insn     ( +-  0,02% )
         9.846.656      branches                         #  520,251 M/sec                       ( +-  0,03% )
           188.656      branch-misses                    #    1,92% of all branches             ( +-  0,24% )

           0,01997 +- 0,00137 seconds time elapsed  ( +-  6,88% )


 Performance counter stats for './mandelbrot_seq -2.5 1.5 -2.0 2.0 512' (20 runs):

             59,43 msec task-clock                       #    0,985 CPUs utilized               ( +-  2,50% )
                 0      context-switches                 #    0,000 /sec                      
                 0      cpu-migrations                   #    0,000 /sec                      
             2.623      page-faults                      #   44,133 K/sec                       ( +-  0,01% )
       232.327.855      cycles                           #    3,909 GHz                         ( +-  0,57% )
        17.554.185      stalled-cycles-frontend          #    7,56% frontend cycles idle        ( +-  2,03% )
       305.159.835      instructions                     #    1,31  insn per cycle            
                                                  #    0,06  stalled cycles per insn     ( +-  0,02% )
        38.459.256      branches                         #  647,094 M/sec                       ( +-  0,03% )
           632.839      branch-misses                    #    1,65% of all branches             ( +-  0,27% )

           0,06033 +- 0,00151 seconds time elapsed  ( +-  2,50% )


 Performance counter stats for './mandelbrot_seq -2.5 1.5 -2.0 2.0 1024' (20 runs):

            216,82 msec task-clock                       #    0,996 CPUs utilized               ( +-  0,65% )
                 0      context-switches                 #    0,000 /sec                      
                 0      cpu-migrations                   #    0,000 /sec                      
            10.303      page-faults                      #   47,519 K/sec                       ( +-  0,00% )
       887.911.179      cycles                           #    4,095 GHz                         ( +-  0,28% )
        60.362.549      stalled-cycles-frontend          #    6,80% frontend cycles idle        ( +-  2,22% )
     1.215.765.894      instructions                     #    1,37  insn per cycle            
                                                  #    0,05  stalled cycles per insn     ( +-  0,02% )
       152.850.561      branches                         #  704,963 M/sec                       ( +-  0,02% )
         2.384.426      branch-misses                    #    1,56% of all branches             ( +-  0,13% )

           0,21772 +- 0,00143 seconds time elapsed  ( +-  0,66% )


 Performance counter stats for './mandelbrot_seq -2.5 1.5 -2.0 2.0 2048' (20 runs):

            841,26 msec task-clock                       #    0,989 CPUs utilized               ( +-  0,36% )
                16      context-switches                 #   19,019 /sec                        ( +- 17,43% )
                 1      cpu-migrations                   #    1,189 /sec                        ( +- 30,44% )
            41.023      page-faults                      #   48,764 K/sec                       ( +-  0,00% )
     3.569.021.604      cycles                           #    4,242 GHz                         ( +-  0,30% )
       241.174.850      stalled-cycles-frontend          #    6,76% frontend cycles idle        ( +-  1,67% )
     4.866.954.940      instructions                     #    1,36  insn per cycle            
                                                  #    0,05  stalled cycles per insn     ( +-  0,02% )
       611.861.396      branches                         #  727,314 M/sec                       ( +-  0,02% )
         9.506.223      branch-misses                    #    1,55% of all branches             ( +-  0,17% )

           0,85078 +- 0,00318 seconds time elapsed  ( +-  0,37% )


 Performance counter stats for './mandelbrot_seq -2.5 1.5 -2.0 2.0 4096' (20 runs):

          3.289,51 msec task-clock                       #    0,965 CPUs utilized               ( +-  0,12% )
                42      context-switches                 #   12,768 /sec                        ( +- 15,47% )
                 3      cpu-migrations                   #    0,912 /sec                        ( +- 16,31% )
           163.903      page-faults                      #   49,826 K/sec                       ( +-  0,00% )
    14.010.205.562      cycles                           #    4,259 GHz                         ( +-  0,10% )
       883.344.874      stalled-cycles-frontend          #    6,31% frontend cycles idle        ( +-  1,12% )
    19.472.732.710      instructions                     #    1,39  insn per cycle            
                                                  #    0,05  stalled cycles per insn     ( +-  0,03% )
     2.448.295.083      branches                         #  744,273 M/sec                       ( +-  0,05% )
        37.785.278      branch-misses                    #    1,54% of all branches             ( +-  0,21% )

            3,4096 +- 0,0633 seconds time elapsed  ( +-  1,86% )


 Performance counter stats for './mandelbrot_seq -2.5 1.5 -2.0 2.0 8192' (20 runs):

         13.086,99 msec task-clock                       #    0,979 CPUs utilized               ( +-  0,10% )
               134      context-switches                 #   10,239 /sec                        ( +-  7,74% )
                11      cpu-migrations                   #    0,841 /sec                        ( +- 12,05% )
           655.423      page-faults                      #   50,082 K/sec                       ( +-  0,00% )
    55.835.157.603      cycles                           #    4,266 GHz                         ( +-  0,09% )
     3.590.883.708      stalled-cycles-frontend          #    6,43% frontend cycles idle        ( +-  1,04% )
    78.159.265.380      instructions                     #    1,40  insn per cycle            
                                                  #    0,05  stalled cycles per insn     ( +-  0,02% )
     9.849.447.083      branches                         #  752,614 M/sec                       ( +-  0,04% )
       154.629.121      branch-misses                    #    1,57% of all branches             ( +-  0,20% )

            13,363 +- 0,114 seconds time elapsed  ( +-  0,85% )

