
 Performance counter stats for './mandelbrot_seq -0.8 -0.7 0.05 0.15 16' (10 runs):

              0,95 msec task-clock                       #    0,665 CPUs utilized               ( +-  6,62% )
                 0      context-switches                 #    0,000 /sec                      
                 0      cpu-migrations                   #    0,000 /sec                      
                65      page-faults                      #   68,551 K/sec                       ( +-  0,28% )
         3.500.869      cycles                           #    3,692 GHz                         ( +-  4,14% )
           940.594      stalled-cycles-frontend          #   26,87% frontend cycles idle        ( +-  6,78% )
         2.552.206      instructions                     #    0,73  insn per cycle            
                                                  #    0,37  stalled cycles per insn     ( +-  0,08% )
           382.680      branches                         #  403,584 M/sec                       ( +-  0,09% )
            34.505      branch-misses                    #    9,02% of all branches             ( +-  0,49% )

         0,0014250 +- 0,0000947 seconds time elapsed  ( +-  6,64% )


 Performance counter stats for './mandelbrot_seq -0.8 -0.7 0.05 0.15 32' (10 runs):

              1,73 msec task-clock                       #    0,821 CPUs utilized               ( +-  4,69% )
                 0      context-switches                 #    0,000 /sec                      
                 0      cpu-migrations                   #    0,000 /sec                      
                73      page-faults                      #   42,196 K/sec                       ( +-  0,22% )
         7.150.700      cycles                           #    4,133 GHz                         ( +-  2,69% )
         1.165.919      stalled-cycles-frontend          #   16,30% frontend cycles idle        ( +-  9,31% )
         6.319.615      instructions                     #    0,88  insn per cycle            
                                                  #    0,18  stalled cycles per insn     ( +-  0,08% )
           707.577      branches                         #  408,996 M/sec                       ( +-  0,15% )
            36.752      branch-misses                    #    5,19% of all branches             ( +-  0,66% )

         0,0021061 +- 0,0000884 seconds time elapsed  ( +-  4,20% )


 Performance counter stats for './mandelbrot_seq -0.8 -0.7 0.05 0.15 64' (10 runs):

             10,84 msec task-clock                       #    0,921 CPUs utilized               ( +-  8,62% )
                 0      context-switches                 #    0,000 /sec                      
                 0      cpu-migrations                   #    0,000 /sec                      
               103      page-faults                      #    9,500 K/sec                       ( +-  0,30% )
        21.315.442      cycles                           #    1,966 GHz                         ( +-  0,98% )
         1.580.292      stalled-cycles-frontend          #    7,41% frontend cycles idle        ( +-  6,72% )
        21.495.380      instructions                     #    1,01  insn per cycle            
                                                  #    0,07  stalled cycles per insn     ( +-  0,09% )
         2.031.233      branches                         #  187,338 M/sec                       ( +-  0,19% )
            50.759      branch-misses                    #    2,50% of all branches             ( +-  1,15% )

          0,011775 +- 0,000990 seconds time elapsed  ( +-  8,41% )


 Performance counter stats for './mandelbrot_seq -0.8 -0.7 0.05 0.15 128' (10 runs):

             21,83 msec task-clock                       #    0,852 CPUs utilized               ( +-  7,32% )
                 0      context-switches                 #    0,000 /sec                      
                 0      cpu-migrations                   #    0,000 /sec                      
               223      page-faults                      #   10,216 K/sec                       ( +-  0,12% )
        76.199.491      cycles                           #    3,491 GHz                         ( +-  0,18% )
         2.393.028      stalled-cycles-frontend          #    3,14% frontend cycles idle        ( +-  2,08% )
        81.697.412      instructions                     #    1,07  insn per cycle            
                                                  #    0,03  stalled cycles per insn     ( +-  0,02% )
         7.237.189      branches                         #  331,560 M/sec                       ( +-  0,04% )
            89.521      branch-misses                    #    1,24% of all branches             ( +-  0,61% )

           0,02563 +- 0,00323 seconds time elapsed  ( +- 12,60% )


 Performance counter stats for './mandelbrot_seq -0.8 -0.7 0.05 0.15 256' (10 runs):

             74,53 msec task-clock                       #    0,990 CPUs utilized               ( +-  2,41% )
                 0      context-switches                 #    0,000 /sec                      
                 0      cpu-migrations                   #    0,000 /sec                      
               704      page-faults                      #    9,445 K/sec                       ( +-  0,04% )
       295.953.074      cycles                           #    3,971 GHz                         ( +-  0,07% )
         5.476.500      stalled-cycles-frontend          #    1,85% frontend cycles idle        ( +-  1,34% )
       322.745.557      instructions                     #    1,09  insn per cycle            
                                                  #    0,02  stalled cycles per insn     ( +-  0,01% )
        28.083.323      branches                         #  376,783 M/sec                       ( +-  0,03% )
           248.204      branch-misses                    #    0,88% of all branches             ( +-  0,41% )

           0,07527 +- 0,00190 seconds time elapsed  ( +-  2,52% )


 Performance counter stats for './mandelbrot_seq -0.8 -0.7 0.05 0.15 512' (10 runs):

            275,61 msec task-clock                       #    0,998 CPUs utilized               ( +-  0,37% )
                 1      context-switches                 #    3,628 /sec                        ( +- 30,73% )
                 0      cpu-migrations                   #    0,000 /sec                      
             2.624      page-faults                      #    9,521 K/sec                       ( +-  0,01% )
     1.175.212.047      cycles                           #    4,264 GHz                         ( +-  0,03% )
        17.549.676      stalled-cycles-frontend          #    1,49% frontend cycles idle        ( +-  0,75% )
     1.286.180.011      instructions                     #    1,09  insn per cycle            
                                                  #    0,01  stalled cycles per insn     ( +-  0,01% )
       111.355.818      branches                         #  404,030 M/sec                       ( +-  0,01% )
           871.009      branch-misses                    #    0,78% of all branches             ( +-  0,12% )

           0,27614 +- 0,00108 seconds time elapsed  ( +-  0,39% )


 Performance counter stats for './mandelbrot_seq -0.8 -0.7 0.05 0.15 1024' (10 runs):

          1.099,29 msec task-clock                       #    0,999 CPUs utilized               ( +-  0,14% )
                 3      context-switches                 #    2,729 /sec                        ( +- 20,64% )
                 0      cpu-migrations                   #    0,000 /sec                      
            10.304      page-faults                      #    9,373 K/sec                       ( +-  0,00% )
     4.691.225.453      cycles                           #    4,267 GHz                         ( +-  0,02% )
        65.708.505      stalled-cycles-frontend          #    1,40% frontend cycles idle        ( +-  0,39% )
     5.139.109.230      instructions                     #    1,10  insn per cycle            
                                                  #    0,01  stalled cycles per insn     ( +-  0,00% )
       444.415.310      branches                         #  404,274 M/sec                       ( +-  0,01% )
         3.371.921      branch-misses                    #    0,76% of all branches             ( +-  0,07% )

           1,10056 +- 0,00162 seconds time elapsed  ( +-  0,15% )


 Performance counter stats for './mandelbrot_seq -0.8 -0.7 0.05 0.15 2048' (10 runs):

          4.392,39 msec task-clock                       #    0,996 CPUs utilized               ( +-  0,05% )
                18      context-switches                 #    4,098 /sec                        ( +-  6,69% )
                 1      cpu-migrations                   #    0,228 /sec                        ( +- 35,90% )
            41.024      page-faults                      #    9,340 K/sec                       ( +-  0,00% )
    18.777.887.471      cycles                           #    4,275 GHz                         ( +-  0,02% )
       263.971.499      stalled-cycles-frontend          #    1,41% frontend cycles idle        ( +-  0,99% )
    20.555.516.209      instructions                     #    1,09  insn per cycle            
                                                  #    0,01  stalled cycles per insn     ( +-  0,00% )
     1.777.339.552      branches                         #  404,641 M/sec                       ( +-  0,01% )
        13.412.380      branch-misses                    #    0,75% of all branches             ( +-  0,08% )

           4,41074 +- 0,00406 seconds time elapsed  ( +-  0,09% )


 Performance counter stats for './mandelbrot_seq -0.8 -0.7 0.05 0.15 4096' (10 runs):

         17.554,38 msec task-clock                       #    0,991 CPUs utilized               ( +-  0,04% )
                71      context-switches                 #    4,045 /sec                        ( +-  6,16% )
                 5      cpu-migrations                   #    0,285 /sec                        ( +- 28,32% )
           163.904      page-faults                      #    9,337 K/sec                       ( +-  0,00% )
    75.037.775.732      cycles                           #    4,275 GHz                         ( +-  0,01% )
     1.031.272.591      stalled-cycles-frontend          #    1,37% frontend cycles idle        ( +-  0,55% )
    82.231.451.330      instructions                     #    1,10  insn per cycle            
                                                  #    0,01  stalled cycles per insn     ( +-  0,00% )
     7.111.323.595      branches                         #  405,102 M/sec                       ( +-  0,01% )
        53.596.526      branch-misses                    #    0,75% of all branches             ( +-  0,10% )

           17,7217 +- 0,0700 seconds time elapsed  ( +-  0,40% )


 Performance counter stats for './mandelbrot_seq -0.8 -0.7 0.05 0.15 8192' (10 runs):

         70.101,50 msec task-clock                       #    0,998 CPUs utilized               ( +-  0,01% )
               468      context-switches                 #    6,676 /sec                        ( +- 44,57% )
                13      cpu-migrations                   #    0,185 /sec                        ( +- 18,24% )
           655.424      page-faults                      #    9,350 K/sec                       ( +-  0,00% )
   299.996.362.350      cycles                           #    4,279 GHz                         ( +-  0,01% )
     4.207.111.180      stalled-cycles-frontend          #    1,40% frontend cycles idle        ( +-  0,29% )
   329.293.475.797      instructions                     #    1,10  insn per cycle            
                                                  #    0,01  stalled cycles per insn     ( +-  0,00% )
    28.521.931.575      branches                         #  406,866 M/sec                       ( +-  0,01% )
       218.396.271      branch-misses                    #    0,77% of all branches             ( +-  0,11% )

           70,2243 +- 0,0121 seconds time elapsed  ( +-  0,02% )

