
 Performance counter stats for './mandelbrot_omp 0.175 0.375 -0.1 0.1 16' (20 runs):

             18,03 msec task-clock                       #    6,679 CPUs utilized               ( +- 24,57% )
                 4      context-switches                 #  221,858 /sec                        ( +- 13,85% )
                 0      cpu-migrations                   #    0,000 /sec                      
               108      page-faults                      #    5,990 K/sec                       ( +-  0,24% )
        73.188.484      cycles                           #    4,059 GHz                         ( +- 24,22% )
         2.720.788      stalled-cycles-frontend          #    3,72% frontend cycles idle        ( +-  2,64% )
        11.624.949      instructions                     #    0,16  insn per cycle            
                                                  #    0,23  stalled cycles per insn     ( +- 16,28% )
         2.813.734      branches                         #  156,063 M/sec                       ( +- 19,00% )
            94.486      branch-misses                    #    3,36% of all branches             ( +-  1,96% )

          0,002700 +- 0,000353 seconds time elapsed  ( +- 13,06% )


 Performance counter stats for './mandelbrot_omp 0.175 0.375 -0.1 0.1 32' (20 runs):

             68,84 msec task-clock                       #    9,523 CPUs utilized               ( +- 15,48% )
                18      context-switches                 #  261,462 /sec                        ( +- 29,16% )
                 2      cpu-migrations                   #   29,051 /sec                        ( +- 32,82% )
               115      page-faults                      #    1,670 K/sec                       ( +-  0,20% )
       286.397.235      cycles                           #    4,160 GHz                         ( +- 15,92% )
         3.958.423      stalled-cycles-frontend          #    1,38% frontend cycles idle        ( +-  7,18% )
        37.272.550      instructions                     #    0,13  insn per cycle            
                                                  #    0,11  stalled cycles per insn     ( +- 12,95% )
         9.504.943      branches                         #  138,066 M/sec                       ( +- 14,36% )
           120.086      branch-misses                    #    1,26% of all branches             ( +-  4,21% )

           0,00723 +- 0,00110 seconds time elapsed  ( +- 15,21% )


 Performance counter stats for './mandelbrot_omp 0.175 0.375 -0.1 0.1 64' (20 runs):

             21,19 msec task-clock                       #    7,183 CPUs utilized               ( +- 14,56% )
                 6      context-switches                 #  283,152 /sec                        ( +- 14,23% )
                 0      cpu-migrations                   #    0,000 /sec                      
               145      page-faults                      #    6,843 K/sec                       ( +-  0,16% )
        87.328.868      cycles                           #    4,121 GHz                         ( +- 14,91% )
         3.085.358      stalled-cycles-frontend          #    3,53% frontend cycles idle        ( +-  2,53% )
        28.637.052      instructions                     #    0,33  insn per cycle            
                                                  #    0,11  stalled cycles per insn     ( +-  4,80% )
         4.845.514      branches                         #  228,669 M/sec                       ( +-  8,02% )
           109.714      branch-misses                    #    2,26% of all branches             ( +-  1,43% )

          0,002950 +- 0,000252 seconds time elapsed  ( +-  8,55% )


 Performance counter stats for './mandelbrot_omp 0.175 0.375 -0.1 0.1 128' (20 runs):

             55,71 msec task-clock                       #   10,361 CPUs utilized               ( +-  6,19% )
                 8      context-switches                 #  143,592 /sec                        ( +- 12,34% )
                 0      cpu-migrations                   #    0,000 /sec                      
               265      page-faults                      #    4,756 K/sec                       ( +-  0,08% )
       202.179.457      cycles                           #    3,629 GHz                         ( +-  4,72% )
         3.985.485      stalled-cycles-frontend          #    1,97% frontend cycles idle        ( +-  1,32% )
        90.616.767      instructions                     #    0,45  insn per cycle            
                                                  #    0,04  stalled cycles per insn     ( +-  0,99% )
        13.519.450      branches                         #  242,661 M/sec                       ( +-  1,87% )
           153.012      branch-misses                    #    1,13% of all branches             ( +-  1,11% )

          0,005377 +- 0,000242 seconds time elapsed  ( +-  4,50% )


 Performance counter stats for './mandelbrot_omp 0.175 0.375 -0.1 0.1 256' (20 runs):

            151,03 msec task-clock                       #    8,551 CPUs utilized               ( +-  4,73% )
                29      context-switches                 #  192,011 /sec                        ( +- 12,26% )
                 1      cpu-migrations                   #    6,621 /sec                        ( +- 32,67% )
               746      page-faults                      #    4,939 K/sec                       ( +-  0,03% )
       593.410.928      cycles                           #    3,929 GHz                         ( +-  4,80% )
         7.730.218      stalled-cycles-frontend          #    1,30% frontend cycles idle        ( +-  1,67% )
       331.865.831      instructions                     #    0,56  insn per cycle            
                                                  #    0,02  stalled cycles per insn     ( +-  0,91% )
        46.340.629      branches                         #  306,825 M/sec                       ( +-  1,85% )
           323.692      branch-misses                    #    0,70% of all branches             ( +-  0,94% )

           0,01766 +- 0,00299 seconds time elapsed  ( +- 16,94% )


 Performance counter stats for './mandelbrot_omp 0.175 0.375 -0.1 0.1 512' (20 runs):

            438,29 msec task-clock                       #   10,411 CPUs utilized               ( +-  1,59% )
                75      context-switches                 #  171,120 /sec                        ( +-  5,33% )
                 2      cpu-migrations                   #    4,563 /sec                        ( +- 60,09% )
             2.666      page-faults                      #    6,083 K/sec                       ( +-  0,01% )
     1.745.037.053      cycles                           #    3,981 GHz                         ( +-  1,37% )
        21.443.995      stalled-cycles-frontend          #    1,23% frontend cycles idle        ( +-  0,96% )
     1.251.066.042      instructions                     #    0,72  insn per cycle            
                                                  #    0,02  stalled cycles per insn     ( +-  0,20% )
       164.881.598      branches                         #  376,194 M/sec                       ( +-  0,43% )
           960.720      branch-misses                    #    0,58% of all branches             ( +-  0,37% )

           0,04210 +- 0,00110 seconds time elapsed  ( +-  2,60% )


 Performance counter stats for './mandelbrot_omp 0.175 0.375 -0.1 0.1 1024' (20 runs):

          1.317,43 msec task-clock                       #    8,693 CPUs utilized               ( +-  0,41% )
               103      context-switches                 #   78,183 /sec                        ( +-  4,68% )
                 4      cpu-migrations                   #    3,036 /sec                        ( +- 15,38% )
            10.346      page-faults                      #    7,853 K/sec                       ( +-  0,00% )
     5.230.961.885      cycles                           #    3,971 GHz                         ( +-  0,23% )
        71.006.865      stalled-cycles-frontend          #    1,36% frontend cycles idle        ( +-  0,67% )
     4.808.547.843      instructions                     #    0,92  insn per cycle            
                                                  #    0,01  stalled cycles per insn     ( +-  0,03% )
       605.309.862      branches                         #  459,463 M/sec                       ( +-  0,06% )
         3.350.597      branch-misses                    #    0,55% of all branches             ( +-  0,11% )

           0,15155 +- 0,00157 seconds time elapsed  ( +-  1,04% )


 Performance counter stats for './mandelbrot_omp 0.175 0.375 -0.1 0.1 2048' (20 runs):

          4.792,38 msec task-clock                       #    8,158 CPUs utilized               ( +-  0,09% )
               199      context-switches                 #   41,524 /sec                        ( +-  9,05% )
                 6      cpu-migrations                   #    1,252 /sec                        ( +- 11,76% )
            41.066      page-faults                      #    8,569 K/sec                       ( +-  0,00% )
    19.016.424.883      cycles                           #    3,968 GHz                         ( +-  0,03% )
       262.453.530      stalled-cycles-frontend          #    1,38% frontend cycles idle        ( +-  0,25% )
    19.019.372.913      instructions                     #    1,00  insn per cycle            
                                                  #    0,01  stalled cycles per insn     ( +-  0,00% )
     2.362.261.438      branches                         #  492,921 M/sec                       ( +-  0,01% )
        12.777.852      branch-misses                    #    0,54% of all branches             ( +-  0,09% )

           0,58744 +- 0,00201 seconds time elapsed  ( +-  0,34% )


 Performance counter stats for './mandelbrot_omp 0.175 0.375 -0.1 0.1 4096' (20 runs):

         18.486,89 msec task-clock                       #    7,613 CPUs utilized               ( +-  0,10% )
             2.105      context-switches                 #  113,864 /sec                        ( +- 18,20% )
                15      cpu-migrations                   #    0,811 /sec                        ( +- 12,58% )
           163.946      page-faults                      #    8,868 K/sec                       ( +-  0,00% )
    74.208.732.787      cycles                           #    4,014 GHz                         ( +-  0,03% )
     1.072.157.973      stalled-cycles-frontend          #    1,44% frontend cycles idle        ( +-  0,89% )
    75.872.407.580      instructions                     #    1,02  insn per cycle            
                                                  #    0,01  stalled cycles per insn     ( +-  0,00% )
     9.392.338.630      branches                         #  508,054 M/sec                       ( +-  0,01% )
        51.164.753      branch-misses                    #    0,54% of all branches             ( +-  0,30% )

            2,4282 +- 0,0363 seconds time elapsed  ( +-  1,50% )


 Performance counter stats for './mandelbrot_omp 0.175 0.375 -0.1 0.1 8192' (20 runs):

         79.271,32 msec task-clock                       #    7,947 CPUs utilized               ( +-  0,15% )
            12.256      context-switches                 #  154,608 /sec                        ( +- 17,14% )
                40      cpu-migrations                   #    0,505 /sec                        ( +- 12,33% )
           655.466      page-faults                      #    8,269 K/sec                       ( +-  0,00% )
   294.822.499.529      cycles                           #    3,719 GHz                         ( +-  0,03% )
     4.358.016.562      stalled-cycles-frontend          #    1,48% frontend cycles idle        ( +-  0,94% )
   303.391.683.547      instructions                     #    1,03  insn per cycle            
                                                  #    0,01  stalled cycles per insn     ( +-  0,01% )
    37.533.504.315      branches                         #  473,482 M/sec                       ( +-  0,01% )
       206.566.899      branch-misses                    #    0,55% of all branches             ( +-  0,42% )

             9,975 +- 0,108 seconds time elapsed  ( +-  1,08% )

