
 Performance counter stats for './mandelbrot_omp -0.8 -0.7 0.05 0.15 16' (20 runs):

             23,13 msec task-clock                       #    6,637 CPUs utilized               ( +- 21,19% )
                 4      context-switches                 #  172,945 /sec                        ( +- 26,06% )
                 0      cpu-migrations                   #    0,000 /sec                      
               108      page-faults                      #    4,670 K/sec                       ( +-  0,24% )
        80.789.711      cycles                           #    3,493 GHz                         ( +- 23,25% )
         2.567.049      stalled-cycles-frontend          #    3,18% frontend cycles idle        ( +-  3,17% )
        12.550.060      instructions                     #    0,16  insn per cycle            
                                                  #    0,20  stalled cycles per insn     ( +- 15,91% )
         3.070.780      branches                         #  132,769 M/sec                       ( +- 18,38% )
            96.335      branch-misses                    #    3,14% of all branches             ( +-  2,27% )

          0,003485 +- 0,000323 seconds time elapsed  ( +-  9,28% )


 Performance counter stats for './mandelbrot_omp -0.8 -0.7 0.05 0.15 32' (20 runs):

             14,56 msec task-clock                       #    6,012 CPUs utilized               ( +- 12,74% )
                 4      context-switches                 #  274,796 /sec                        ( +- 15,12% )
                 0      cpu-migrations                   #    0,000 /sec                      
               115      page-faults                      #    7,900 K/sec                       ( +-  0,21% )
        54.472.274      cycles                           #    3,742 GHz                         ( +- 10,86% )
         2.783.536      stalled-cycles-frontend          #    5,11% frontend cycles idle        ( +-  2,24% )
        12.914.257      instructions                     #    0,24  insn per cycle            
                                                  #    0,22  stalled cycles per insn     ( +-  4,88% )
         2.589.381      branches                         #  177,888 M/sec                       ( +-  6,84% )
            96.363      branch-misses                    #    3,72% of all branches             ( +-  1,32% )

          0,002421 +- 0,000166 seconds time elapsed  ( +-  6,84% )


 Performance counter stats for './mandelbrot_omp -0.8 -0.7 0.05 0.15 64' (20 runs):

             25,44 msec task-clock                       #    8,055 CPUs utilized               ( +- 22,27% )
                 4      context-switches                 #  157,243 /sec                        ( +- 18,75% )
                 0      cpu-migrations                   #    0,000 /sec                      
               145      page-faults                      #    5,700 K/sec                       ( +-  0,13% )
       105.589.463      cycles                           #    4,151 GHz                         ( +- 22,19% )
         3.062.011      stalled-cycles-frontend          #    2,90% frontend cycles idle        ( +-  2,93% )
        31.330.519      instructions                     #    0,30  insn per cycle            
                                                  #    0,10  stalled cycles per insn     ( +-  7,96% )
         5.470.676      branches                         #  215,056 M/sec                       ( +- 12,89% )
           108.614      branch-misses                    #    1,99% of all branches             ( +-  1,82% )

          0,003158 +- 0,000408 seconds time elapsed  ( +- 12,93% )


 Performance counter stats for './mandelbrot_omp -0.8 -0.7 0.05 0.15 128' (20 runs):

             56,94 msec task-clock                       #    9,243 CPUs utilized               ( +-  6,27% )
                 7      context-switches                 #  122,936 /sec                        ( +- 20,96% )
                 0      cpu-migrations                   #    0,000 /sec                      
               265      page-faults                      #    4,654 K/sec                       ( +-  0,06% )
       218.536.716      cycles                           #    3,838 GHz                         ( +-  6,63% )
         4.055.591      stalled-cycles-frontend          #    1,86% frontend cycles idle        ( +-  1,33% )
        95.594.806      instructions                     #    0,44  insn per cycle            
                                                  #    0,04  stalled cycles per insn     ( +-  1,63% )
        14.323.704      branches                         #  251,557 M/sec                       ( +-  3,08% )
           156.384      branch-misses                    #    1,09% of all branches             ( +-  1,10% )

          0,006160 +- 0,000782 seconds time elapsed  ( +- 12,70% )


 Performance counter stats for './mandelbrot_omp -0.8 -0.7 0.05 0.15 256' (20 runs):

            140,94 msec task-clock                       #    9,149 CPUs utilized               ( +-  3,14% )
                24      context-switches                 #  170,280 /sec                        ( +- 12,47% )
                 0      cpu-migrations                   #    0,000 /sec                      
               746      page-faults                      #    5,293 K/sec                       ( +-  0,04% )
       554.363.494      cycles                           #    3,933 GHz                         ( +-  3,04% )
         7.682.637      stalled-cycles-frontend          #    1,39% frontend cycles idle        ( +-  1,29% )
       340.625.395      instructions                     #    0,61  insn per cycle            
                                                  #    0,02  stalled cycles per insn     ( +-  0,50% )
        46.347.796      branches                         #  328,838 M/sec                       ( +-  1,04% )
           323.597      branch-misses                    #    0,70% of all branches             ( +-  0,68% )

           0,01541 +- 0,00234 seconds time elapsed  ( +- 15,22% )


 Performance counter stats for './mandelbrot_omp -0.8 -0.7 0.05 0.15 512' (20 runs):

            446,34 msec task-clock                       #   10,607 CPUs utilized               ( +-  1,69% )
                74      context-switches                 #  165,792 /sec                        ( +-  5,33% )
                 1      cpu-migrations                   #    2,240 /sec                        ( +- 37,19% )
             2.666      page-faults                      #    5,973 K/sec                       ( +-  0,01% )
     1.761.102.590      cycles                           #    3,946 GHz                         ( +-  0,84% )
        21.331.427      stalled-cycles-frontend          #    1,21% frontend cycles idle        ( +-  0,53% )
     1.306.521.777      instructions                     #    0,74  insn per cycle            
                                                  #    0,02  stalled cycles per insn     ( +-  0,12% )
       170.493.774      branches                         #  381,979 M/sec                       ( +-  0,26% )
           977.794      branch-misses                    #    0,57% of all branches             ( +-  0,33% )

           0,04208 +- 0,00129 seconds time elapsed  ( +-  3,08% )


 Performance counter stats for './mandelbrot_omp -0.8 -0.7 0.05 0.15 1024' (20 runs):

          1.380,28 msec task-clock                       #    8,960 CPUs utilized               ( +-  0,43% )
               111      context-switches                 #   80,419 /sec                        ( +-  8,26% )
                 3      cpu-migrations                   #    2,173 /sec                        ( +- 21,88% )
            10.346      page-faults                      #    7,496 K/sec                       ( +-  0,00% )
     5.463.406.697      cycles                           #    3,958 GHz                         ( +-  0,08% )
        71.905.884      stalled-cycles-frontend          #    1,32% frontend cycles idle        ( +-  0,84% )
     5.048.695.112      instructions                     #    0,92  insn per cycle            
                                                  #    0,01  stalled cycles per insn     ( +-  0,01% )
       632.792.636      branches                         #  458,454 M/sec                       ( +-  0,02% )
         3.427.880      branch-misses                    #    0,54% of all branches             ( +-  0,16% )

           0,15405 +- 0,00157 seconds time elapsed  ( +-  1,02% )


 Performance counter stats for './mandelbrot_omp -0.8 -0.7 0.05 0.15 2048' (20 runs):

          5.036,40 msec task-clock                       #    8,453 CPUs utilized               ( +-  0,12% )
               190      context-switches                 #   37,725 /sec                        ( +-  9,16% )
                 6      cpu-migrations                   #    1,191 /sec                        ( +- 12,74% )
            41.067      page-faults                      #    8,154 K/sec                       ( +-  0,00% )
    20.030.178.298      cycles                           #    3,977 GHz                         ( +-  0,04% )
       267.407.769      stalled-cycles-frontend          #    1,34% frontend cycles idle        ( +-  0,35% )
    19.990.106.372      instructions                     #    1,00  insn per cycle            
                                                  #    0,01  stalled cycles per insn     ( +-  0,01% )
     2.474.551.325      branches                         #  491,334 M/sec                       ( +-  0,01% )
        13.117.720      branch-misses                    #    0,53% of all branches             ( +-  0,11% )

           0,59584 +- 0,00287 seconds time elapsed  ( +-  0,48% )


 Performance counter stats for './mandelbrot_omp -0.8 -0.7 0.05 0.15 4096' (20 runs):

         19.676,21 msec task-clock                       #    7,859 CPUs utilized               ( +-  0,08% )
             5.993      context-switches                 #  304,581 /sec                        ( +-  6,94% )
                29      cpu-migrations                   #    1,474 /sec                        ( +-  8,46% )
           163.946      page-faults                      #    8,332 K/sec                       ( +-  0,00% )
    78.496.067.036      cycles                           #    3,989 GHz                         ( +-  0,05% )
     1.187.034.041      stalled-cycles-frontend          #    1,51% frontend cycles idle        ( +-  1,13% )
    79.799.956.505      instructions                     #    1,02  insn per cycle            
                                                  #    0,01  stalled cycles per insn     ( +-  0,01% )
     9.850.100.462      branches                         #  500,610 M/sec                       ( +-  0,01% )
        54.206.791      branch-misses                    #    0,55% of all branches             ( +-  0,32% )

            2,5036 +- 0,0185 seconds time elapsed  ( +-  0,74% )


 Performance counter stats for './mandelbrot_omp -0.8 -0.7 0.05 0.15 8192' (20 runs):

         84.818,56 msec task-clock                       #    8,064 CPUs utilized               ( +-  0,23% )
            25.892      context-switches                 #  305,263 /sec                        ( +-  9,76% )
                89      cpu-migrations                   #    1,049 /sec                        ( +- 16,58% )
           655.466      page-faults                      #    7,728 K/sec                       ( +-  0,00% )
   311.890.607.147      cycles                           #    3,677 GHz                         ( +-  0,05% )
     4.772.634.718      stalled-cycles-frontend          #    1,53% frontend cycles idle        ( +-  1,35% )
   319.132.139.163      instructions                     #    1,02  insn per cycle            
                                                  #    0,01  stalled cycles per insn     ( +-  0,01% )
    39.369.591.623      branches                         #  464,162 M/sec                       ( +-  0,01% )
       218.231.612      branch-misses                    #    0,55% of all branches             ( +-  0,49% )

            10,519 +- 0,165 seconds time elapsed  ( +-  1,57% )

