
 Performance counter stats for './mandelbrot_pth 0.175 0.375 -0.1 0.1 16' (20 runs):

              2,14 msec task-clock                       #    1,015 CPUs utilized               ( +-  4,05% )
                 7      context-switches                 #    3,276 K/sec                       ( +-  4,59% )
                 0      cpu-migrations                   #    0,000 /sec                      
                92      page-faults                      #   43,056 K/sec                       ( +-  0,37% )
         6.127.523      cycles                           #    2,868 GHz                         ( +-  3,03% )
         1.884.401      stalled-cycles-frontend          #   30,75% frontend cycles idle        ( +-  3,62% )
         3.842.059      instructions                     #    0,63  insn per cycle            
                                                  #    0,49  stalled cycles per insn     ( +-  0,19% )
           650.843      branches                         #  304,594 M/sec                       ( +-  0,25% )
            66.864      branch-misses                    #   10,27% of all branches             ( +-  0,34% )

          0,002105 +- 0,000117 seconds time elapsed  ( +-  5,54% )


 Performance counter stats for './mandelbrot_pth 0.175 0.375 -0.1 0.1 32' (20 runs):

              3,59 msec task-clock                       #    1,760 CPUs utilized               ( +-  2,97% )
                 2      context-switches                 #  557,471 /sec                        ( +- 14,10% )
                 0      cpu-migrations                   #    0,000 /sec                      
                99      page-faults                      #   27,595 K/sec                       ( +-  0,36% )
         9.149.243      cycles                           #    2,550 GHz                         ( +-  0,61% )
         1.804.779      stalled-cycles-frontend          #   19,73% frontend cycles idle        ( +-  1,03% )
         7.373.358      instructions                     #    0,81  insn per cycle            
                                                  #    0,24  stalled cycles per insn     ( +-  0,11% )
           946.509      branches                         #  263,826 M/sec                       ( +-  0,17% )
            66.959      branch-misses                    #    7,07% of all branches             ( +-  0,45% )

         0,0020381 +- 0,0000879 seconds time elapsed  ( +-  4,31% )


 Performance counter stats for './mandelbrot_pth 0.175 0.375 -0.1 0.1 64' (20 runs):

              9,67 msec task-clock                       #    1,963 CPUs utilized               ( +-  2,89% )
                 2      context-switches                 #  206,761 /sec                        ( +- 16,18% )
                 0      cpu-migrations                   #    0,000 /sec                      
               129      page-faults                      #   13,336 K/sec                       ( +-  0,17% )
        22.053.048      cycles                           #    2,280 GHz                         ( +-  0,56% )
         2.048.891      stalled-cycles-frontend          #    9,29% frontend cycles idle        ( +-  2,39% )
        21.810.428      instructions                     #    0,99  insn per cycle            
                                                  #    0,09  stalled cycles per insn     ( +-  0,05% )
         2.211.100      branches                         #  228,584 M/sec                       ( +-  0,10% )
            79.526      branch-misses                    #    3,60% of all branches             ( +-  0,61% )

          0,004928 +- 0,000168 seconds time elapsed  ( +-  3,41% )


 Performance counter stats for './mandelbrot_pth 0.175 0.375 -0.1 0.1 128' (20 runs):

             43,11 msec task-clock                       #    2,674 CPUs utilized               ( +-  3,55% )
                 3      context-switches                 #   69,594 /sec                        ( +-  9,55% )
                 0      cpu-migrations                   #    0,000 /sec                      
               249      page-faults                      #    5,776 K/sec                       ( +-  0,12% )
        74.090.426      cycles                           #    1,719 GHz                         ( +-  0,07% )
         2.932.741      stalled-cycles-frontend          #    3,96% frontend cycles idle        ( +-  0,77% )
        79.537.899      instructions                     #    1,07  insn per cycle            
                                                  #    0,04  stalled cycles per insn     ( +-  0,02% )
         7.269.324      branches                         #  168,634 M/sec                       ( +-  0,05% )
           127.161      branch-misses                    #    1,75% of all branches             ( +-  0,38% )

          0,016120 +- 0,000456 seconds time elapsed  ( +-  2,83% )


 Performance counter stats for './mandelbrot_pth 0.175 0.375 -0.1 0.1 256' (20 runs):

             87,54 msec task-clock                       #    2,780 CPUs utilized               ( +-  2,91% )
                 3      context-switches                 #   34,272 /sec                        ( +- 11,15% )
                 0      cpu-migrations                   #    0,000 /sec                      
               729      page-faults                      #    8,328 K/sec                       ( +-  0,04% )
       282.394.725      cycles                           #    3,226 GHz                         ( +-  0,07% )
         6.429.430      stalled-cycles-frontend          #    2,28% frontend cycles idle        ( +-  1,57% )
       309.315.257      instructions                     #    1,10  insn per cycle            
                                                  #    0,02  stalled cycles per insn     ( +-  0,01% )
        27.297.234      branches                         #  311,841 M/sec                       ( +-  0,02% )
           281.742      branch-misses                    #    1,03% of all branches             ( +-  0,27% )

           0,03149 +- 0,00125 seconds time elapsed  ( +-  3,97% )


 Performance counter stats for './mandelbrot_pth 0.175 0.375 -0.1 0.1 512' (20 runs):

            305,89 msec task-clock                       #    3,389 CPUs utilized               ( +-  1,10% )
                 2      context-switches                 #    6,538 /sec                        ( +- 18,66% )
                 0      cpu-migrations                   #    0,000 /sec                      
             2.649      page-faults                      #    8,660 K/sec                       ( +-  0,01% )
     1.114.467.479      cycles                           #    3,643 GHz                         ( +-  0,02% )
        19.166.600      stalled-cycles-frontend          #    1,72% frontend cycles idle        ( +-  0,67% )
     1.227.702.970      instructions                     #    1,10  insn per cycle            
                                                  #    0,02  stalled cycles per insn     ( +-  0,00% )
       107.383.565      branches                         #  351,052 M/sec                       ( +-  0,01% )
           896.803      branch-misses                    #    0,84% of all branches             ( +-  0,13% )

           0,09026 +- 0,00189 seconds time elapsed  ( +-  2,10% )


 Performance counter stats for './mandelbrot_pth 0.175 0.375 -0.1 0.1 1024' (20 runs):

          1.085,97 msec task-clock                       #    3,489 CPUs utilized               ( +-  0,28% )
                 4      context-switches                 #    3,683 /sec                        ( +- 15,86% )
                 0      cpu-migrations                   #    0,000 /sec                      
            10.330      page-faults                      #    9,512 K/sec                       ( +-  0,00% )
     4.441.565.990      cycles                           #    4,090 GHz                         ( +-  0,04% )
        67.876.836      stalled-cycles-frontend          #    1,53% frontend cycles idle        ( +-  0,95% )
     4.899.716.791      instructions                     #    1,10  insn per cycle            
                                                  #    0,01  stalled cycles per insn     ( +-  0,00% )
       427.491.388      branches                         #  393,651 M/sec                       ( +-  0,01% )
         3.319.047      branch-misses                    #    0,78% of all branches             ( +-  0,08% )

           0,31128 +- 0,00142 seconds time elapsed  ( +-  0,46% )


 Performance counter stats for './mandelbrot_pth 0.175 0.375 -0.1 0.1 2048' (20 runs):

          4.246,18 msec task-clock                       #    3,443 CPUs utilized               ( +-  0,07% )
                15      context-switches                 #    3,533 /sec                        ( +-  7,76% )
                 3      cpu-migrations                   #    0,707 /sec                        ( +- 14,20% )
            41.049      page-faults                      #    9,667 K/sec                       ( +-  0,00% )
    17.747.559.066      cycles                           #    4,180 GHz                         ( +-  0,01% )
       258.786.446      stalled-cycles-frontend          #    1,46% frontend cycles idle        ( +-  0,51% )
    19.590.833.217      instructions                     #    1,10  insn per cycle            
                                                  #    0,01  stalled cycles per insn     ( +-  0,00% )
     1.708.567.470      branches                         #  402,378 M/sec                       ( +-  0,01% )
        13.024.253      branch-misses                    #    0,76% of all branches             ( +-  0,08% )

            1,2333 +- 0,0111 seconds time elapsed  ( +-  0,90% )


 Performance counter stats for './mandelbrot_pth 0.175 0.375 -0.1 0.1 4096' (20 runs):

         16.850,28 msec task-clock                       #    3,558 CPUs utilized               ( +-  0,02% )
                71      context-switches                 #    4,214 /sec                        ( +-  2,75% )
                 8      cpu-migrations                   #    0,475 /sec                        ( +-  9,22% )
           163.929      page-faults                      #    9,729 K/sec                       ( +-  0,00% )
    70.980.452.435      cycles                           #    4,212 GHz                         ( +-  0,01% )
     1.027.632.191      stalled-cycles-frontend          #    1,45% frontend cycles idle        ( +-  0,39% )
    78.368.644.144      instructions                     #    1,10  insn per cycle            
                                                  #    0,01  stalled cycles per insn     ( +-  0,01% )
     6.836.527.323      branches                         #  405,722 M/sec                       ( +-  0,02% )
        52.115.270      branch-misses                    #    0,76% of all branches             ( +-  0,17% )

           4,73621 +- 0,00287 seconds time elapsed  ( +-  0,06% )


 Performance counter stats for './mandelbrot_pth 0.175 0.375 -0.1 0.1 8192' (20 runs):

         67.302,47 msec task-clock                       #    3,538 CPUs utilized               ( +-  0,03% )
               181      context-switches                 #    2,689 /sec                        ( +-  3,48% )
                17      cpu-migrations                   #    0,253 /sec                        ( +- 11,79% )
           655.450      page-faults                      #    9,739 K/sec                       ( +-  0,00% )
   283.706.266.625      cycles                           #    4,215 GHz                         ( +-  0,02% )
     4.167.437.381      stalled-cycles-frontend          #    1,47% frontend cycles idle        ( +-  0,70% )
   313.654.982.341      instructions                     #    1,11  insn per cycle            
                                                  #    0,01  stalled cycles per insn     ( +-  0,01% )
    27.385.013.259      branches                         #  406,895 M/sec                       ( +-  0,01% )
       210.377.579      branch-misses                    #    0,77% of all branches             ( +-  0,13% )

            19,024 +- 0,128 seconds time elapsed  ( +-  0,68% )

